Build started 10/04/2016 17:35:41.
     1>Project "C:\Users\Paul\Documents\Visual Studio 2015\Projects\FinalYearProject\GamaGameEngine\GamaGameEngine.vcxproj" on node 2 (Build target(s)).
     1>ClCompile:
         C:\Program Files (x86)\Microsoft Visual Studio 14.0\VC\bin\CL.exe /c /Zi /nologo /W3 /WX- /sdl /O2 /Oi /Oy- /GL /D WIN32 /D NDEBUG /D _LIB /D _UNICODE /D UNICODE /Gm- /EHsc /MD /GS /Gy /fp:precise /Zc:wchar_t /Zc:forScope /Zc:inline /Fo"Release\\" /Fd"Release\GamaGameEngine.pdb" /Gd /TP /analyze- /errorReport:prompt AudioCache.cpp AudioEngine.cpp AudioLoader.cpp Camera.cpp Clock.cpp Collision.cpp FileIOManager.cpp FrameRateManager.cpp GLSLProgram.cpp GamaGameEngine.cpp ImageLoader.cpp InputManager.cpp LogAndDebug.cpp Manifold.cpp MusicStream.cpp ParticleBatch.cpp ParticleSystem.cpp PerformanceTests.cpp PhysicsWorld.cpp ResourceManager.cpp RigidBody.cpp Shape.cpp SoundEffects.cpp Sprite.cpp SpriteBatch.cpp TextureCache.cpp Window.cpp
         AudioCache.cpp
         AudioEngine.cpp
         AudioLoader.cpp
         Camera.cpp
         Clock.cpp
         Collision.cpp
         FileIOManager.cpp
         FrameRateManager.cpp
     1>FrameRateManager.cpp(22): warning C4244: 'initializing': conversion from 'Uint32' to 'float', possible loss of data
     1>FrameRateManager.cpp(24): warning C4244: 'argument': conversion from 'float' to 'Uint32', possible loss of data
     1>FrameRateManager.cpp(34): warning C4244: 'initializing': conversion from 'Uint32' to 'float', possible loss of data
     1>FrameRateManager.cpp(35): warning C4244: 'initializing': conversion from 'Uint32' to 'float', possible loss of data
         GLSLProgram.cpp
         GamaGameEngine.cpp
         ImageLoader.cpp
         InputManager.cpp
         LogAndDebug.cpp
         Manifold.cpp
         MusicStream.cpp
         ParticleBatch.cpp
         ParticleSystem.cpp
         PerformanceTests.cpp
     1>PerformanceTests.cpp(29): warning C4244: '=': conversion from 'ULONGLONG' to 'CHAR', possible loss of data
         PhysicsWorld.cpp
         ResourceManager.cpp
         Compiling...
         RigidBody.cpp
         Shape.cpp
         SoundEffects.cpp
         Sprite.cpp
         SpriteBatch.cpp
         TextureCache.cpp
         Window.cpp
       Lib:
         C:\Program Files (x86)\Microsoft Visual Studio 14.0\VC\bin\Lib.exe /OUT:"C:\Users\Paul\Documents\Visual Studio 2015\Projects\FinalYearProject\Release\GamaGameEngine.lib" /NOLOGO /LTCG Release\AudioEngine.obj
         Release\AudioLoader.obj
         Release\Clock.obj
         Release\Collision.obj
         Release\Manifold.obj
         Release\MusicStream.obj
         Release\Camera.obj
         Release\LogAndDebug.obj
         Release\GamaGameEngine.obj
         Release\GLSLProgram.obj
         Release\ImageLoader.obj
         Release\InputManager.obj
         Release\FileIOManager.obj
         Release\ParticleBatch.obj
         Release\ParticleSystem.obj
         Release\PerformanceTests.obj
         Release\PhysicsWorld.obj
         Release\picoPNG.obj
         Release\ResourceManager.obj
         Release\RigidBody.obj
         Release\Shape.obj
         Release\SoundEffects.obj
         Release\Sprite.obj
         Release\SpriteBatch.obj
         Release\TextureCache.obj
         Release\FrameRateManager.obj
         Release\AudioCache.obj
         Release\Window.obj
         GamaGameEngine.vcxproj -> C:\Users\Paul\Documents\Visual Studio 2015\Projects\FinalYearProject\Release\GamaGameEngine.lib
     1>Done Building Project "C:\Users\Paul\Documents\Visual Studio 2015\Projects\FinalYearProject\GamaGameEngine\GamaGameEngine.vcxproj" (Build target(s)).

Build succeeded.

Time Elapsed 00:00:36.08
