c:\users\paul\documents\visual studio 2015\projects\finalyearproject\gamagameengine\release\gamagameengine.pdb
c:\users\paul\documents\visual studio 2015\projects\finalyearproject\gamagameengine\release\shape.obj
c:\users\paul\documents\visual studio 2015\projects\finalyearproject\gamagameengine\release\rigidbody.obj
c:\users\paul\documents\visual studio 2015\projects\finalyearproject\gamagameengine\release\physicsworld.obj
c:\users\paul\documents\visual studio 2015\projects\finalyearproject\gamagameengine\release\manifold.obj
c:\users\paul\documents\visual studio 2015\projects\finalyearproject\gamagameengine\release\collision.obj
c:\users\paul\documents\visual studio 2015\projects\finalyearproject\gamagameengine\release\clock.obj
c:\users\paul\documents\visual studio 2015\projects\finalyearproject\gamagameengine\release\iomanager.obj
c:\users\paul\documents\visual studio 2015\projects\finalyearproject\gamagameengine\release\imageloader.obj
c:\users\paul\documents\visual studio 2015\projects\finalyearproject\gamagameengine\release\window.obj
c:\users\paul\documents\visual studio 2015\projects\finalyearproject\gamagameengine\release\texturecache.obj
c:\users\paul\documents\visual studio 2015\projects\finalyearproject\gamagameengine\release\musicstream.obj
c:\users\paul\documents\visual studio 2015\projects\finalyearproject\gamagameengine\release\glslprogram.obj
c:\users\paul\documents\visual studio 2015\projects\finalyearproject\gamagameengine\release\ggeerrors.obj
c:\users\paul\documents\visual studio 2015\projects\finalyearproject\gamagameengine\release\audioengine.obj
c:\users\paul\documents\visual studio 2015\projects\finalyearproject\gamagameengine\release\loganddebug.obj
c:\users\paul\documents\visual studio 2015\projects\finalyearproject\gamagameengine\release\sprite.obj
c:\users\paul\documents\visual studio 2015\projects\finalyearproject\gamagameengine\release\resourcemanager.obj
c:\users\paul\documents\visual studio 2015\projects\finalyearproject\gamagameengine\release\spritefont.obj
c:\users\paul\documents\visual studio 2015\projects\finalyearproject\gamagameengine\release\spritebatch.obj
c:\users\paul\documents\visual studio 2015\projects\finalyearproject\gamagameengine\release\particlesystem.obj
c:\users\paul\documents\visual studio 2015\projects\finalyearproject\gamagameengine\release\particlebatch.obj
c:\users\paul\documents\visual studio 2015\projects\finalyearproject\gamagameengine\release\fileiomanager.obj
c:\users\paul\documents\visual studio 2015\projects\finalyearproject\gamagameengine\release\inputmanager.obj
c:\users\paul\documents\visual studio 2015\projects\finalyearproject\gamagameengine\release\frameratemanager.obj
c:\users\paul\documents\visual studio 2015\projects\finalyearproject\gamagameengine\release\gamagameengine.obj
c:\users\paul\documents\visual studio 2015\projects\finalyearproject\gamagameengine\release\soundeffects.obj
c:\users\paul\documents\visual studio 2015\projects\finalyearproject\release\gamagameengine.lib
c:\users\paul\documents\visual studio 2015\projects\finalyearproject\gamagameengine\release\camera.obj
c:\users\paul\documents\visual studio 2015\projects\finalyearproject\gamagameengine\release\errors.obj
c:\users\paul\documents\visual studio 2015\projects\finalyearproject\gamagameengine\release\picopng.obj
c:\users\paul\documents\visual studio 2015\projects\finalyearproject\gamagameengine\release\rigidbodyx.obj
c:\users\paul\documents\visual studio 2015\projects\finalyearproject\gamagameengine\release\timing.obj
c:\users\paul\documents\visual studio 2015\projects\finalyearproject\gamagameengine\release\gamagameengine.tlog\cl.command.1.tlog
c:\users\paul\documents\visual studio 2015\projects\finalyearproject\gamagameengine\release\gamagameengine.tlog\cl.read.1.tlog
c:\users\paul\documents\visual studio 2015\projects\finalyearproject\gamagameengine\release\gamagameengine.tlog\cl.write.1.tlog
c:\users\paul\documents\visual studio 2015\projects\finalyearproject\gamagameengine\release\gamagameengine.tlog\lib-link.read.1.tlog
c:\users\paul\documents\visual studio 2015\projects\finalyearproject\gamagameengine\release\gamagameengine.tlog\lib-link.write.1.tlog
c:\users\paul\documents\visual studio 2015\projects\finalyearproject\gamagameengine\release\gamagameengine.tlog\lib.command.1.tlog
